11 mar. 2025 09:14:52,722 INFO  ro.mpp2024.CarsDBRepository 18 <init> - Initializing ro.mpp2024.CarsDBRepository with properties: {}
11 mar. 2025 09:14:52,744 TRACE ro.mpp2024.CarsDBRepository 80 add - Enter saving task Id=0 Tesla Model S 2019
11 mar. 2025 09:14:52,745 TRACE ro.mpp2024.JdbcUtils 46 getConnection - Enter
11 mar. 2025 09:14:52,745 TRACE ro.mpp2024.JdbcUtils 23 getNewConnection - Enter
11 mar. 2025 09:14:52,746 INFO  ro.mpp2024.JdbcUtils 28 getNewConnection - trying to connect to database ... null
11 mar. 2025 09:14:52,747 INFO  ro.mpp2024.JdbcUtils 29 getNewConnection - user: null
11 mar. 2025 09:14:52,748 INFO  ro.mpp2024.JdbcUtils 30 getNewConnection - pass: null
11 mar. 2025 09:14:52,751 ERROR ro.mpp2024.JdbcUtils 39 getNewConnection - java.sql.SQLException: The url cannot be null
11 mar. 2025 09:14:52,753 TRACE ro.mpp2024.JdbcUtils 55 getConnection - Exit
11 mar. 2025 09:16:12,245 INFO  ro.mpp2024.CarsDBRepository 18 <init> - Initializing ro.mpp2024.CarsDBRepository with properties: {}
11 mar. 2025 09:16:12,269 TRACE ro.mpp2024.CarsDBRepository 80 add - Enter saving task Id=0 Tesla Model S 2019
11 mar. 2025 09:16:12,269 TRACE ro.mpp2024.JdbcUtils 46 getConnection - Enter
11 mar. 2025 09:16:12,270 TRACE ro.mpp2024.JdbcUtils 23 getNewConnection - Enter
11 mar. 2025 09:16:12,270 INFO  ro.mpp2024.JdbcUtils 28 getNewConnection - trying to connect to database ... null
11 mar. 2025 09:16:12,271 INFO  ro.mpp2024.JdbcUtils 29 getNewConnection - user: null
11 mar. 2025 09:16:12,271 INFO  ro.mpp2024.JdbcUtils 30 getNewConnection - pass: null
11 mar. 2025 09:16:12,276 ERROR ro.mpp2024.JdbcUtils 39 getNewConnection - java.sql.SQLException: The url cannot be null
11 mar. 2025 09:16:12,280 TRACE ro.mpp2024.JdbcUtils 55 getConnection - Exit
11 mar. 2025 09:35:32,158 INFO  ro.mpp2024.CarsDBRepository 20 <init> - Initializing ro.mpp2024.CarsDBRepository with properties: {} 
11 mar. 2025 09:35:32,170 TRACE ro.mpp2024.CarsDBRepository 82 add - Enter saving task Id=0 Tesla Model S 2019
11 mar. 2025 09:35:32,170 TRACE ro.mpp2024.JdbcUtils 48 getConnection - Enter
11 mar. 2025 09:35:32,170 TRACE ro.mpp2024.JdbcUtils 25 getNewConnection - Enter
11 mar. 2025 09:35:32,171 INFO  ro.mpp2024.JdbcUtils 30 getNewConnection - trying to connect to database ... null
11 mar. 2025 09:35:32,172 INFO  ro.mpp2024.JdbcUtils 31 getNewConnection - user: null
11 mar. 2025 09:35:32,172 INFO  ro.mpp2024.JdbcUtils 32 getNewConnection - pass: null
11 mar. 2025 09:35:32,174 ERROR ro.mpp2024.JdbcUtils 41 getNewConnection - java.sql.SQLException: The url cannot be null
11 mar. 2025 09:35:32,174 TRACE ro.mpp2024.JdbcUtils 57 getConnection - Exit
11 mar. 2025 09:35:48,152 INFO  ro.mpp2024.CarsDBRepository 20 <init> - Initializing ro.mpp2024.CarsDBRepository with properties: {} 
11 mar. 2025 09:35:48,165 TRACE ro.mpp2024.CarsDBRepository 82 add - Enter saving task Id=0 Tesla Model S 2019
11 mar. 2025 09:35:48,165 TRACE ro.mpp2024.JdbcUtils 48 getConnection - Enter
11 mar. 2025 09:35:48,165 TRACE ro.mpp2024.JdbcUtils 25 getNewConnection - Enter
11 mar. 2025 09:35:48,165 INFO  ro.mpp2024.JdbcUtils 30 getNewConnection - trying to connect to database ... null
11 mar. 2025 09:35:48,165 INFO  ro.mpp2024.JdbcUtils 31 getNewConnection - user: null
11 mar. 2025 09:35:48,165 INFO  ro.mpp2024.JdbcUtils 32 getNewConnection - pass: null
11 mar. 2025 09:35:48,170 ERROR ro.mpp2024.JdbcUtils 41 getNewConnection - java.sql.SQLException: The url cannot be null
11 mar. 2025 09:35:48,171 TRACE ro.mpp2024.JdbcUtils 57 getConnection - Exit
